c:\users\eladnulman\source\repos\january16-0200\donkeyte\x64\debug\vc143.pdb
c:\users\eladnulman\source\repos\january16-0200\donkeyte\x64\debug\vc143.idb
c:\users\eladnulman\source\repos\january16-0200\donkeyte\x64\debug\utils.obj
c:\users\eladnulman\source\repos\january16-0200\donkeyte\x64\debug\point.obj
c:\users\eladnulman\source\repos\january16-0200\donkeyte\x64\debug\mario.obj
c:\users\eladnulman\source\repos\january16-0200\donkeyte\x64\debug\main.obj
c:\users\eladnulman\source\repos\january16-0200\donkeyte\x64\debug\hammer.obj
c:\users\eladnulman\source\repos\january16-0200\donkeyte\x64\debug\ghost.obj
c:\users\eladnulman\source\repos\january16-0200\donkeyte\x64\debug\game.obj
c:\users\eladnulman\source\repos\january16-0200\donkeyte\x64\debug\board.obj
c:\users\eladnulman\source\repos\january16-0200\donkeyte\x64\debug\barrels.obj
c:\users\eladnulman\source\repos\january16-0200\x64\debug\donkeyte.exe
c:\users\eladnulman\source\repos\january16-0200\x64\debug\donkeyte.pdb
c:\users\eladnulman\source\repos\january16-0200\donkeyte\x64\debug\donkeyte.ilk
c:\users\eladnulman\source\repos\january16-0200\donkeyte\x64\debug\donkeyte.tlog\cl.command.1.tlog
c:\users\eladnulman\source\repos\january16-0200\donkeyte\x64\debug\donkeyte.tlog\cl.items.tlog
c:\users\eladnulman\source\repos\january16-0200\donkeyte\x64\debug\donkeyte.tlog\cl.read.1.tlog
c:\users\eladnulman\source\repos\january16-0200\donkeyte\x64\debug\donkeyte.tlog\cl.write.1.tlog
c:\users\eladnulman\source\repos\january16-0200\donkeyte\x64\debug\donkeyte.tlog\link.command.1.tlog
c:\users\eladnulman\source\repos\january16-0200\donkeyte\x64\debug\donkeyte.tlog\link.read.1.tlog
c:\users\eladnulman\source\repos\january16-0200\donkeyte\x64\debug\donkeyte.tlog\link.secondary.1.tlog
c:\users\eladnulman\source\repos\january16-0200\donkeyte\x64\debug\donkeyte.tlog\link.write.1.tlog
