c:\users\97254\source\repos\donkeyte combine\x64\debug\vc143.pdb
c:\users\97254\source\repos\donkeyte combine\x64\debug\vc143.idb
c:\users\97254\source\repos\donkeyte combine\x64\debug\utils.obj
c:\users\97254\source\repos\donkeyte combine\x64\debug\point.obj
c:\users\97254\source\repos\donkeyte combine\x64\debug\mario.obj
c:\users\97254\source\repos\donkeyte combine\x64\debug\main.obj
c:\users\97254\source\repos\donkeyte combine\x64\debug\game.obj
c:\users\97254\source\repos\donkeyte combine\x64\debug\board.obj
c:\users\97254\source\repos\donkeyte combine\x64\debug\barrels.obj
c:\users\97254\source\repos\‏‏‏‏donkeyte combine full - עותק\x64\debug\vc143.pdb
c:\users\97254\source\repos\‏‏‏‏donkeyte combine full - עותק\x64\debug\vc143.idb
c:\users\97254\source\repos\‏‏‏‏donkeyte combine full - עותק\x64\debug\utils.obj
c:\users\97254\source\repos\‏‏‏‏donkeyte combine full - עותק\x64\debug\point.obj
c:\users\97254\source\repos\‏‏‏‏donkeyte combine full - עותק\x64\debug\ghost.obj
c:\users\97254\source\repos\‏‏‏‏donkeyte combine full - עותק\x64\debug\board.obj
c:\users\97254\source\repos\donkeyte combine\x64\debug\donkeyte.exe
c:\users\97254\source\repos\donkeyte combine\x64\debug\donkeyte.ilk
c:\users\97254\source\repos\donkeyte combine\x64\debug\donkeyte.pdb
c:\users\97254\source\repos\‏‏‏‏donkeyte combine full - עותק\x64\debug\barrels.obj
c:\users\97254\source\repos\‏‏‏‏donkeyte combine full - עותק\x64\debug\game.obj
c:\users\97254\source\repos\‏‏‏‏donkeyte combine full - עותק\x64\debug\main.obj
c:\users\97254\source\repos\‏‏‏‏donkeyte combine full - עותק\x64\debug\mario.obj
c:\users\97254\source\repos\‏‏‏‏donkeyte combine full - עותק\x64\debug\donkeyte.ilk
c:\users\97254\source\repos\‏‏‏‏donkeyte combine full - עותק\x64\debug\donkeyte.pdb
c:\users\97254\source\repos\‏‏‏‏donkeyte combine full - עותק\x64\debug\donkeyte.exe
c:\users\97254\source\repos\‏‏‏‏donkeyte combine full - עותק\x64\debug\donkeyte.tlog\cl.command.1.tlog
c:\users\97254\source\repos\‏‏‏‏donkeyte combine full - עותק\x64\debug\donkeyte.tlog\cl.items.tlog
c:\users\97254\source\repos\‏‏‏‏donkeyte combine full - עותק\x64\debug\donkeyte.tlog\cl.read.1.tlog
c:\users\97254\source\repos\‏‏‏‏donkeyte combine full - עותק\x64\debug\donkeyte.tlog\cl.write.1.tlog
c:\users\97254\source\repos\‏‏‏‏donkeyte combine full - עותק\x64\debug\donkeyte.tlog\link.command.1.tlog
c:\users\97254\source\repos\‏‏‏‏donkeyte combine full - עותק\x64\debug\donkeyte.tlog\link.read.1.tlog
c:\users\97254\source\repos\‏‏‏‏donkeyte combine full - עותק\x64\debug\donkeyte.tlog\link.write.1.tlog
